<?xml version="1.0" encoding="UTF-8"?>
<!-- Generated by org.testng.reporters.JUnitReportReporter -->
<testsuite hostname="LAPTOP-3MSUA5N1" failures="0" tests="1" name="com.mindtree.runner.ElocalStore_Runner" time="3.191" errors="0" timestamp="2021-10-31T19:55:15 IST" skipped="0">
  <testcase classname="com.mindtree.runner.ElocalStore_Runner" name="titleCheck" time="3.191"/>
  <system-out/>
</testsuite> <!-- com.mindtree.runner.ElocalStore_Runner -->
