<?xml version="1.0" encoding="UTF-8"?>
<!-- Generated by org.testng.reporters.JUnitReportReporter -->
<testsuite hostname="LAPTOP-3MSUA5N1" failures="0" tests="3" name="com.mindtree.runner.ElocalStore_Runner" time="59.200" errors="0" timestamp="2021-10-31T20:01:51 IST" skipped="0">
  <testcase classname="com.mindtree.runner.ElocalStore_Runner" name="titleCheck" time="0.368"/>
  <testcase classname="com.mindtree.runner.ElocalStore_Runner" name="Login" time="29.867"/>
  <testcase classname="com.mindtree.runner.ElocalStore_Runner" name="bookOrder" time="28.965"/>
</testsuite> <!-- com.mindtree.runner.ElocalStore_Runner -->
