<?xml version="1.0" encoding="UTF-8"?>
<!-- Generated by org.testng.reporters.JUnitReportReporter -->
<testsuite hostname="LAPTOP-3MSUA5N1" failures="0" tests="3" name="com.mindtree.runner.ElocalStore_Runner" time="106.987" errors="0" timestamp="2021-11-02T11:53:03 IST" skipped="0">
  <testcase classname="com.mindtree.runner.ElocalStore_Runner" name="titleCheck" time="0.590"/>
  <testcase classname="com.mindtree.runner.ElocalStore_Runner" name="Login" time="9.247"/>
  <testcase classname="com.mindtree.runner.ElocalStore_Runner" name="bookOrder" time="97.150"/>
</testsuite> <!-- com.mindtree.runner.ElocalStore_Runner -->
